0 info it worked if it ends with ok
1 verbose cli [ '/usr/local/bin/node',
1 verbose cli   '/usr/local/bin/npm',
1 verbose cli   'update',
1 verbose cli   '-g',
1 verbose cli   'ionic' ]
2 info using npm@1.4.28
3 info using node@v0.10.32
4 verbose request where is /ionic
5 verbose request registry https://registry.npmjs.org/
6 verbose request id 345b1b8d08a744e0
7 verbose url raw /ionic
8 verbose url resolving [ 'https://registry.npmjs.org/', './ionic' ]
9 verbose url resolved https://registry.npmjs.org/ionic
10 verbose request where is https://registry.npmjs.org/ionic
11 info trying registry request attempt 1 at 01:11:56
12 verbose etag "530UPN27A7ROW6LQ7RV2IZ2FT"
13 http GET https://registry.npmjs.org/ionic
14 http 200 https://registry.npmjs.org/ionic
15 silly registry.get cb [ 200,
15 silly registry.get   { date: 'Fri, 09 Jan 2015 06:12:15 GMT',
15 silly registry.get     server: 'CouchDB/1.5.0 (Erlang OTP/R16B03)',
15 silly registry.get     etag: '"7SJ655LOE870T1G3V2830Y585"',
15 silly registry.get     'content-type': 'application/json',
15 silly registry.get     'cache-control': 'max-age=60',
15 silly registry.get     'content-length': '179874',
15 silly registry.get     'accept-ranges': 'bytes',
15 silly registry.get     via: '1.1 varnish',
15 silly registry.get     age: '0',
15 silly registry.get     'x-served-by': 'cache-iad2144-IAD',
15 silly registry.get     'x-cache': 'HIT',
15 silly registry.get     'x-cache-hits': '1',
15 silly registry.get     'x-timer': 'S1420783935.732878,VS0,VE53',
15 silly registry.get     vary: 'Accept',
15 silly registry.get     'keep-alive': 'timeout=10, max=50',
15 silly registry.get     connection: 'Keep-Alive' } ]
16 info outdated updating [ [ '/usr/local/lib', 'ionic', '1.2.13', '1.3.0', '1.3.0', 'latest' ] ]
17 verbose install where,what [ '/usr/local/lib', [ 'ionic@1.3.0' ] ]
18 verbose cache add [ 'ionic@1.3.0', null ]
19 verbose cache add name=undefined spec="ionic@1.3.0" args=["ionic@1.3.0",null]
20 verbose parsed url { protocol: null,
20 verbose parsed url   slashes: null,
20 verbose parsed url   auth: null,
20 verbose parsed url   host: null,
20 verbose parsed url   port: null,
20 verbose parsed url   hostname: null,
20 verbose parsed url   hash: null,
20 verbose parsed url   search: null,
20 verbose parsed url   query: null,
20 verbose parsed url   pathname: 'ionic@1.3.0',
20 verbose parsed url   path: 'ionic@1.3.0',
20 verbose parsed url   href: 'ionic@1.3.0' }
21 verbose cache add name="ionic" spec="1.3.0" args=["ionic","1.3.0"]
22 verbose parsed url { protocol: null,
22 verbose parsed url   slashes: null,
22 verbose parsed url   auth: null,
22 verbose parsed url   host: null,
22 verbose parsed url   port: null,
22 verbose parsed url   hostname: null,
22 verbose parsed url   hash: null,
22 verbose parsed url   search: null,
22 verbose parsed url   query: null,
22 verbose parsed url   pathname: '1.3.0',
22 verbose parsed url   path: '1.3.0',
22 verbose parsed url   href: '1.3.0' }
23 verbose addNamed [ 'ionic', '1.3.0' ]
24 verbose addNamed [ '1.3.0', '1.3.0' ]
25 silly lockFile a4516feb-ionic-1-3-0 ionic@1.3.0
26 verbose lock ionic@1.3.0 /Users/brianyeo/.npm/a4516feb-ionic-1-3-0.lock
27 verbose registry.get https://registry.npmjs.org/ionic not expired, no request
28 silly lockFile eb1eb9ef--npmjs-org-ionic-ionic-1-3-0-tgz https://registry.npmjs.org/ionic/-/ionic-1.3.0.tgz
29 verbose lock https://registry.npmjs.org/ionic/-/ionic-1.3.0.tgz /Users/brianyeo/.npm/eb1eb9ef--npmjs-org-ionic-ionic-1-3-0-tgz.lock
30 verbose addRemoteTarball [ 'https://registry.npmjs.org/ionic/-/ionic-1.3.0.tgz',
30 verbose addRemoteTarball   'fd1711d8fec80f4ce85584ec0bc9af783f59362c' ]
31 info retry fetch attempt 1 at 01:12:05
32 verbose fetch to= /var/folders/4y/zg1qj7vj7gq1wgz3kl0_zjkh0000gn/T/npm-82046-xoq1rU8O/registry.npmjs.org/ionic/-/ionic-1.3.0.tgz
33 http GET https://registry.npmjs.org/ionic/-/ionic-1.3.0.tgz
34 http 200 https://registry.npmjs.org/ionic/-/ionic-1.3.0.tgz
35 silly lockFile eb1eb9ef--npmjs-org-ionic-ionic-1-3-0-tgz https://registry.npmjs.org/ionic/-/ionic-1.3.0.tgz
36 silly lockFile eb1eb9ef--npmjs-org-ionic-ionic-1-3-0-tgz https://registry.npmjs.org/ionic/-/ionic-1.3.0.tgz
37 silly lockFile a4516feb-ionic-1-3-0 ionic@1.3.0
38 silly lockFile a4516feb-ionic-1-3-0 ionic@1.3.0
39 error Error: EACCES, mkdir '/Users/brianyeo/.npm/ionic/1.3.0'
39 error  { [Error: EACCES, mkdir '/Users/brianyeo/.npm/ionic/1.3.0']
39 error   errno: 3,
39 error   code: 'EACCES',
39 error   path: '/Users/brianyeo/.npm/ionic/1.3.0' }
40 error Please try running this command again as root/Administrator.
41 error System Darwin 13.2.0
42 error command "/usr/local/bin/node" "/usr/local/bin/npm" "update" "-g" "ionic"
43 error cwd /Users/brianyeo/Documents/Waddle/waddleionic
44 error node -v v0.10.32
45 error npm -v 1.4.28
46 error path /Users/brianyeo/.npm/ionic/1.3.0
47 error code EACCES
48 error errno 3
49 error stack Error: EACCES, mkdir '/Users/brianyeo/.npm/ionic/1.3.0'
50 verbose exit [ 3, true ]
